<?xml version="1.0" encoding="UTF-8"?>
<testsuite xmlns:xsi="http://www.w3.org/2001/XMLSchema-instance" xsi:noNamespaceSchemaLocation="https://maven.apache.org/surefire/maven-surefire-plugin/xsd/surefire-test-report-3.0.xsd" version="3.0" name="kr.co.survivor.SurvivorApplicationTests" time="5.663" tests="1" errors="0" skipped="0" failures="0">
  <properties>
[...]
</properties>
  <testcase name="contextLoads" classname="kr.co.survivor.SurvivorApplicationTests" time="0.49">
    <system-out><![CDATA[16:00:36.814 [main] INFO org.springframework.test.context.support.AnnotationConfigContextLoaderUtils -- Could not detect default configuration classes for test class [kr.co.survivor.SurvivorApplicationTests]: SurvivorApplicationTests does not declare any static, non-private, non-final, nested classes annotated with @Configuration.
16:00:36.902 [main] INFO org.springframework.boot.test.context.SpringBootTestContextBootstrapper -- Found @SpringBootConfiguration kr.co.survivor.SurvivorApplication for test class kr.co.survivor.SurvivorApplicationTests
16:00:37.092 [main] INFO org.springframework.boot.devtools.restart.RestartApplicationListener -- Restart disabled due to context in which it is running

  .   ____          _            __ _ _
 /\\ / ___'_ __ _ _(_)_ __  __ _ \ \ \ \
( ( )\___ | '_ | '_| | '_ \/ _` | \ \ \ \
 \\/  ___)| |_)| | | | | || (_| |  ) ) ) )
  '  |____| .__|_| |_|_| |_\__, | / / / /
 =========|_|==============|___/=/_/_/_/
 :: Spring Boot ::       (v3.2.7-SNAPSHOT)

2024-06-21T16:00:37.323+09:00  INFO 19584 --- [survive] [           main] k.co.survivor.SurvivorApplicationTests   : Starting SurvivorApplicationTests using Java 17 with PID 19584 (started by user in C:\Dev\project\survive\survivor)
2024-06-21T16:00:37.324+09:00  INFO 19584 --- [survive] [           main] k.co.survivor.SurvivorApplicationTests   : No active profile set, falling back to 1 default profile: "default"
2024-06-21T16:00:38.158+09:00  INFO 19584 --- [survive] [           main] .s.d.r.c.RepositoryConfigurationDelegate : Multiple Spring Data modules found, entering strict repository configuration mode
2024-06-21T16:00:38.160+09:00  INFO 19584 --- [survive] [           main] .s.d.r.c.RepositoryConfigurationDelegate : Bootstrapping Spring Data JDBC repositories in DEFAULT mode.
2024-06-21T16:00:38.188+09:00  INFO 19584 --- [survive] [           main] .RepositoryConfigurationExtensionSupport : Spring Data JDBC - Could not safely identify store assignment for repository candidate interface kr.co.survivor.repo.MemberRepository; If you want this repository to be a JDBC repository, consider annotating your entities with one of these annotations: org.springframework.data.relational.core.mapping.Table.
2024-06-21T16:00:38.189+09:00  INFO 19584 --- [survive] [           main] .s.d.r.c.RepositoryConfigurationDelegate : Finished Spring Data repository scanning in 24 ms. Found 0 JDBC repository interfaces.
2024-06-21T16:00:38.199+09:00  INFO 19584 --- [survive] [           main] .s.d.r.c.RepositoryConfigurationDelegate : Multiple Spring Data modules found, entering strict repository configuration mode
2024-06-21T16:00:38.200+09:00  INFO 19584 --- [survive] [           main] .s.d.r.c.RepositoryConfigurationDelegate : Bootstrapping Spring Data JPA repositories in DEFAULT mode.
2024-06-21T16:00:38.224+09:00  INFO 19584 --- [survive] [           main] .s.d.r.c.RepositoryConfigurationDelegate : Finished Spring Data repository scanning in 21 ms. Found 1 JPA repository interface.
2024-06-21T16:00:38.739+09:00  INFO 19584 --- [survive] [           main] o.hibernate.jpa.internal.util.LogHelper  : HHH000204: Processing PersistenceUnitInfo [name: default]
2024-06-21T16:00:38.791+09:00  INFO 19584 --- [survive] [           main] org.hibernate.Version                    : HHH000412: Hibernate ORM core version 6.4.9.Final
2024-06-21T16:00:38.830+09:00  INFO 19584 --- [survive] [           main] o.h.c.internal.RegionFactoryInitiator    : HHH000026: Second-level cache disabled
2024-06-21T16:00:39.166+09:00  INFO 19584 --- [survive] [           main] o.s.o.j.p.SpringPersistenceUnitInfo      : No LoadTimeWeaver setup: ignoring JPA class transformer
2024-06-21T16:00:39.196+09:00  INFO 19584 --- [survive] [           main] com.zaxxer.hikari.HikariDataSource       : HikariPool-1 - Starting...
2024-06-21T16:00:39.473+09:00  INFO 19584 --- [survive] [           main] com.zaxxer.hikari.pool.HikariPool        : HikariPool-1 - Added connection com.mysql.cj.jdbc.ConnectionImpl@32b112a1
2024-06-21T16:00:39.475+09:00  INFO 19584 --- [survive] [           main] com.zaxxer.hikari.HikariDataSource       : HikariPool-1 - Start completed.
2024-06-21T16:00:39.530+09:00  WARN 19584 --- [survive] [           main] org.hibernate.dialect.Dialect            : HHH000511: The 5.5.0 version for [org.hibernate.dialect.MySQLDialect] is no longer supported, hence certain features may not work properly. The minimum supported version is 8.0.0. Check the community dialects project for available legacy versions.
2024-06-21T16:00:39.535+09:00  WARN 19584 --- [survive] [           main] org.hibernate.orm.deprecation            : HHH90000025: MySQLDialect does not need to be specified explicitly using 'hibernate.dialect' (remove the property setting and it will be selected by default)
2024-06-21T16:00:40.214+09:00  INFO 19584 --- [survive] [           main] o.h.e.t.j.p.i.JtaPlatformInitiator       : HHH000489: No JTA platform available (set 'hibernate.transaction.jta.platform' to enable JTA platform integration)
2024-06-21T16:00:40.413+09:00  INFO 19584 --- [survive] [           main] j.LocalContainerEntityManagerFactoryBean : Initialized JPA EntityManagerFactory for persistence unit 'default'
2024-06-21T16:00:41.009+09:00  WARN 19584 --- [survive] [           main] JpaBaseConfiguration$JpaWebConfiguration : spring.jpa.open-in-view is enabled by default. Therefore, database queries may be performed during view rendering. Explicitly configure spring.jpa.open-in-view to disable this warning
2024-06-21T16:00:41.357+09:00  INFO 19584 --- [survive] [           main] o.s.s.web.DefaultSecurityFilterChain     : Will secure any request with [org.springframework.security.web.session.DisableEncodeUrlFilter@4687fee7, org.springframework.security.web.context.request.async.WebAsyncManagerIntegrationFilter@4a0fc665, org.springframework.security.web.context.SecurityContextHolderFilter@387ef6a7, org.springframework.security.web.header.HeaderWriterFilter@643fed50, org.springframework.web.filter.CorsFilter@207f7baa, org.springframework.security.web.csrf.CsrfFilter@2ca464bb, org.springframework.security.web.authentication.logout.LogoutFilter@2db75e32, org.springframework.security.web.authentication.UsernamePasswordAuthenticationFilter@7b9f7087, org.springframework.security.web.savedrequest.RequestCacheAwareFilter@7d086485, org.springframework.security.web.servletapi.SecurityContextHolderAwareRequestFilter@3b171fbd, org.springframework.security.web.authentication.AnonymousAuthenticationFilter@1067bc4c, org.springframework.security.web.access.ExceptionTranslationFilter@133d0471, org.springframework.security.web.access.intercept.AuthorizationFilter@15324f25]
2024-06-21T16:00:41.809+09:00  INFO 19584 --- [survive] [           main] k.co.survivor.SurvivorApplicationTests   : Started SurvivorApplicationTests in 4.734 seconds (process running for 5.666)
]]></system-out>
  </testcase>
</testsuite>